<?xml version="1.0" encoding="UTF-8"?>
<coverage generated="1687793324467" clover="3.2.0">
  <project timestamp="1687793324467" name="All files">
    <metrics statements="36" coveredstatements="30" conditionals="12" coveredconditionals="12" methods="9" coveredmethods="8" elements="57" coveredelements="50" complexity="0" loc="36" ncloc="36" packages="1" files="1" classes="1"/>
    <file name="linked-list.js" path="C:\Users\sohnp\Desktop\JS problem solving 2024 preparation\day 2\linked list\linked-list.js">
      <metrics statements="36" coveredstatements="30" conditionals="12" coveredconditionals="12" methods="9" coveredmethods="8"/>
      <line num="3" count="14" type="stmt"/>
      <line num="4" count="14" type="stmt"/>
      <line num="9" count="37" type="stmt"/>
      <line num="10" count="37" type="stmt"/>
      <line num="11" count="37" type="stmt"/>
      <line num="15" count="12" type="cond" truecount="4" falsecount="0"/>
      <line num="17" count="6" type="stmt"/>
      <line num="19" count="6" type="stmt"/>
      <line num="20" count="7" type="stmt"/>
      <line num="23" count="6" type="stmt"/>
      <line num="28" count="4" type="cond" truecount="2" falsecount="0"/>
      <line num="30" count="3" type="stmt"/>
      <line num="31" count="3" type="cond" truecount="2" falsecount="0"/>
      <line num="33" count="1" type="stmt"/>
      <line num="34" count="1" type="stmt"/>
      <line num="38" count="4" type="cond" truecount="2" falsecount="0"/>
      <line num="40" count="3" type="stmt"/>
      <line num="41" count="3" type="cond" truecount="2" falsecount="0"/>
      <line num="43" count="1" type="stmt"/>
      <line num="44" count="1" type="stmt"/>
      <line num="49" count="2" type="stmt"/>
      <line num="50" count="2" type="stmt"/>
      <line num="53" count="0" type="stmt"/>
      <line num="54" count="0" type="stmt"/>
      <line num="56" count="0" type="stmt"/>
      <line num="57" count="0" type="stmt"/>
      <line num="58" count="0" type="stmt"/>
      <line num="61" count="0" type="stmt"/>
      <line num="71" count="38" type="stmt"/>
      <line num="72" count="38" type="stmt"/>
      <line num="77" count="1" type="stmt"/>
      <line num="78" count="13" type="stmt"/>
      <line num="79" count="13" type="stmt"/>
      <line num="80" count="34" type="stmt"/>
      <line num="82" count="13" type="stmt"/>
      <line num="85" count="1" type="stmt"/>
    </file>
  </project>
</coverage>
