{"C:\\Users\\sohnp\\Desktop\\JS problem solving 2024 preparation\\day 2\\linked list\\linked-list.js": {"path":"C:\\Users\\sohnp\\Desktop\\JS problem solving 2024 preparation\\day 2\\linked list\\linked-list.js","statementMap":{"0":{"start":{"line":3,"column":8},"end":{"line":3,"column":25}},"1":{"start":{"line":4,"column":8},"end":{"line":4,"column":24}},"2":{"start":{"line":9,"column":24},"end":{"line":9,"column":59}},"3":{"start":{"line":10,"column":8},"end":{"line":10,"column":28}},"4":{"start":{"line":11,"column":8},"end":{"line":11,"column":22}},"5":{"start":{"line":15,"column":8},"end":{"line":15,"column":58}},"6":{"start":{"line":15,"column":46},"end":{"line":15,"column":58}},"7":{"start":{"line":17,"column":22},"end":{"line":17,"column":31}},"8":{"start":{"line":19,"column":8},"end":{"line":21,"column":9}},"9":{"start":{"line":19,"column":21},"end":{"line":19,"column":22}},"10":{"start":{"line":20,"column":12},"end":{"line":20,"column":35}},"11":{"start":{"line":23,"column":8},"end":{"line":23,"column":22}},"12":{"start":{"line":28,"column":8},"end":{"line":28,"column":56}},"13":{"start":{"line":28,"column":24},"end":{"line":28,"column":56}},"14":{"start":{"line":30,"column":26},"end":{"line":30,"column":53}},"15":{"start":{"line":31,"column":12},"end":{"line":31,"column":43}},"16":{"start":{"line":31,"column":31},"end":{"line":31,"column":43}},"17":{"start":{"line":33,"column":12},"end":{"line":33,"column":61}},"18":{"start":{"line":34,"column":12},"end":{"line":34,"column":26}},"19":{"start":{"line":38,"column":8},"end":{"line":38,"column":49}},"20":{"start":{"line":38,"column":24},"end":{"line":38,"column":49}},"21":{"start":{"line":40,"column":26},"end":{"line":40,"column":53}},"22":{"start":{"line":41,"column":12},"end":{"line":41,"column":43}},"23":{"start":{"line":41,"column":31},"end":{"line":41,"column":43}},"24":{"start":{"line":43,"column":12},"end":{"line":43,"column":38}},"25":{"start":{"line":44,"column":12},"end":{"line":44,"column":26}},"26":{"start":{"line":49,"column":8},"end":{"line":49,"column":35}},"27":{"start":{"line":50,"column":8},"end":{"line":50,"column":22}},"28":{"start":{"line":53,"column":21},"end":{"line":53,"column":23}},"29":{"start":{"line":54,"column":22},"end":{"line":54,"column":31}},"30":{"start":{"line":56,"column":8},"end":{"line":59,"column":9}},"31":{"start":{"line":57,"column":12},"end":{"line":57,"column":52}},"32":{"start":{"line":58,"column":12},"end":{"line":58,"column":34}},"33":{"start":{"line":61,"column":8},"end":{"line":61,"column":36}},"34":{"start":{"line":71,"column":8},"end":{"line":71,"column":27}},"35":{"start":{"line":72,"column":8},"end":{"line":72,"column":24}},"36":{"start":{"line":77,"column":0},"end":{"line":83,"column":1}},"37":{"start":{"line":78,"column":15},"end":{"line":78,"column":31}},"38":{"start":{"line":79,"column":4},"end":{"line":81,"column":5}},"39":{"start":{"line":79,"column":17},"end":{"line":79,"column":34}},"40":{"start":{"line":80,"column":8},"end":{"line":80,"column":34}},"41":{"start":{"line":82,"column":0},"end":{"line":82,"column":10}},"42":{"start":{"line":85,"column":0},"end":{"line":85,"column":27}}},"fnMap":{"0":{"name":"(anonymous_0)","decl":{"start":{"line":2,"column":4},"end":{"line":2,"column":5}},"loc":{"start":{"line":2,"column":17},"end":{"line":5,"column":5}},"line":2},"1":{"name":"(anonymous_1)","decl":{"start":{"line":8,"column":4},"end":{"line":8,"column":5}},"loc":{"start":{"line":8,"column":22},"end":{"line":12,"column":5}},"line":8},"2":{"name":"(anonymous_2)","decl":{"start":{"line":14,"column":4},"end":{"line":14,"column":5}},"loc":{"start":{"line":14,"column":21},"end":{"line":24,"column":5}},"line":14},"3":{"name":"(anonymous_3)","decl":{"start":{"line":27,"column":4},"end":{"line":27,"column":5}},"loc":{"start":{"line":27,"column":33},"end":{"line":35,"column":6}},"line":27},"4":{"name":"(anonymous_4)","decl":{"start":{"line":37,"column":5},"end":{"line":37,"column":6}},"loc":{"start":{"line":37,"column":25},"end":{"line":45,"column":6}},"line":37},"5":{"name":"(anonymous_5)","decl":{"start":{"line":48,"column":5},"end":{"line":48,"column":6}},"loc":{"start":{"line":48,"column":17},"end":{"line":51,"column":6}},"line":48},"6":{"name":"(anonymous_6)","decl":{"start":{"line":52,"column":4},"end":{"line":52,"column":5}},"loc":{"start":{"line":52,"column":11},"end":{"line":63,"column":5}},"line":52},"7":{"name":"(anonymous_7)","decl":{"start":{"line":70,"column":4},"end":{"line":70,"column":5}},"loc":{"start":{"line":70,"column":30},"end":{"line":73,"column":5}},"line":70},"8":{"name":"(anonymous_8)","decl":{"start":{"line":77,"column":24},"end":{"line":77,"column":25}},"loc":{"start":{"line":77,"column":43},"end":{"line":83,"column":1}},"line":77}},"branchMap":{"0":{"loc":{"start":{"line":15,"column":8},"end":{"line":15,"column":58}},"type":"if","locations":[{"start":{"line":15,"column":8},"end":{"line":15,"column":58}},{"start":{},"end":{}}],"line":15},"1":{"loc":{"start":{"line":15,"column":11},"end":{"line":15,"column":44}},"type":"binary-expr","locations":[{"start":{"line":15,"column":11},"end":{"line":15,"column":20}},{"start":{"line":15,"column":24},"end":{"line":15,"column":44}}],"line":15},"2":{"loc":{"start":{"line":28,"column":8},"end":{"line":28,"column":56}},"type":"if","locations":[{"start":{"line":28,"column":8},"end":{"line":28,"column":56}},{"start":{},"end":{}}],"line":28},"3":{"loc":{"start":{"line":31,"column":12},"end":{"line":31,"column":43}},"type":"if","locations":[{"start":{"line":31,"column":12},"end":{"line":31,"column":43}},{"start":{},"end":{}}],"line":31},"4":{"loc":{"start":{"line":38,"column":8},"end":{"line":38,"column":49}},"type":"if","locations":[{"start":{"line":38,"column":8},"end":{"line":38,"column":49}},{"start":{},"end":{}}],"line":38},"5":{"loc":{"start":{"line":41,"column":12},"end":{"line":41,"column":43}},"type":"if","locations":[{"start":{"line":41,"column":12},"end":{"line":41,"column":43}},{"start":{},"end":{}}],"line":41}},"s":{"0":14,"1":14,"2":37,"3":37,"4":37,"5":12,"6":6,"7":6,"8":6,"9":6,"10":7,"11":6,"12":4,"13":1,"14":3,"15":3,"16":2,"17":1,"18":1,"19":4,"20":1,"21":3,"22":3,"23":2,"24":1,"25":1,"26":2,"27":2,"28":0,"29":0,"30":0,"31":0,"32":0,"33":0,"34":38,"35":38,"36":1,"37":13,"38":13,"39":13,"40":34,"41":13,"42":1},"f":{"0":14,"1":37,"2":12,"3":4,"4":4,"5":2,"6":0,"7":38,"8":13},"b":{"0":[6,6],"1":[12,9],"2":[1,3],"3":[2,1],"4":[1,3],"5":[2,1]},"_coverageSchema":"1a1c01bbd47fc00a2c39e90264f33305004495a9","hash":"778face688de3f88a8ce7d6d6bb76da6436be642"}
}
