TN:
SF:linked-list.js
FN:2,(anonymous_0)
FN:8,(anonymous_1)
FN:14,(anonymous_2)
FN:27,(anonymous_3)
FN:37,(anonymous_4)
FN:48,(anonymous_5)
FN:52,(anonymous_6)
FN:70,(anonymous_7)
FN:77,(anonymous_8)
FNF:9
FNH:8
FNDA:14,(anonymous_0)
FNDA:37,(anonymous_1)
FNDA:12,(anonymous_2)
FNDA:4,(anonymous_3)
FNDA:4,(anonymous_4)
FNDA:2,(anonymous_5)
FNDA:0,(anonymous_6)
FNDA:38,(anonymous_7)
FNDA:13,(anonymous_8)
DA:3,14
DA:4,14
DA:9,37
DA:10,37
DA:11,37
DA:15,12
DA:17,6
DA:19,6
DA:20,7
DA:23,6
DA:28,4
DA:30,3
DA:31,3
DA:33,1
DA:34,1
DA:38,4
DA:40,3
DA:41,3
DA:43,1
DA:44,1
DA:49,2
DA:50,2
DA:53,0
DA:54,0
DA:56,0
DA:57,0
DA:58,0
DA:61,0
DA:71,38
DA:72,38
DA:77,1
DA:78,13
DA:79,13
DA:80,34
DA:82,13
DA:85,1
LF:36
LH:30
BRDA:15,0,0,6
BRDA:15,0,1,6
BRDA:15,1,0,12
BRDA:15,1,1,9
BRDA:28,2,0,1
BRDA:28,2,1,3
BRDA:31,3,0,2
BRDA:31,3,1,1
BRDA:38,4,0,1
BRDA:38,4,1,3
BRDA:41,5,0,2
BRDA:41,5,1,1
BRF:12
BRH:12
end_of_record
